<?xml version="1.0" encoding="UTF-8"?>
<!-- Generated by org.testng.reporters.JUnitXMLReporter -->
<testsuite hostname="LAPTOP-RL861KU4" ignored="0" name="Default test" tests="4" failures="0" timestamp="2022-05-20T12:46:08 IST" time="58.881" errors="0">
  <testcase name="verifyMultiplication" time="5.827" classname="calculatortest.Calculator1"/>
  <testcase name="verifyDivision" time="2.731" classname="calculatortest.Calculator1"/>
  <testcase name="verifyAddition" time="3.203" classname="calculatortest.Calculator1"/>
  <testcase name="verifySubstraction" time="3.283" classname="calculatortest.Calculator1"/>
</testsuite> <!-- Default test -->
